<?xml version="1.0" encoding="UTF-8"?>
<!-- Generated by org.testng.reporters.JUnitReportReporter -->
<testsuite hostname="Lenovo-PC" name="api.restful.GoogleAPI" tests="1" failures="0" timestamp="7 Aug 2019 00:18:37 GMT" time="6.207" errors="0">
  <testcase name="getLocation" time="6.207" classname="api.restful.GoogleAPI"/>
</testsuite> <!-- api.restful.GoogleAPI -->
