<?xml version="1.0" encoding="UTF-8"?>
<!-- Generated by org.testng.reporters.JUnitReportReporter -->
<testsuite hostname="Lenovo-PC" name="api.restful.CreateLocation" tests="1" failures="0" timestamp="7 Aug 2019 02:06:34 GMT" time="8.310" errors="0">
  <testcase name="createLocation" time="8.310" classname="api.restful.CreateLocation"/>
</testsuite> <!-- api.restful.CreateLocation -->
